<?xml version="1.0" encoding="UTF-8"?>
<!-- Generated by org.testng.reporters.JUnitXMLReporter -->
<testsuite hostname="DESKTOP-BFCU90B" name="Login tests" tests="3" failures="0" timestamp="28 Feb 2020 08:11:18 GMT" time="18.013" errors="0">
  <testcase name="invalidLoginTest" time="1.564" classname="tests.LogInTest"/>
  <testcase name="invalidPasswordTest" time="8.487" classname="tests.LogInTest"/>
  <testcase name="logInTest" time="5.771" classname="tests.LogInTest"/>
</testsuite> <!-- Login tests -->
