<?xml version="1.0" encoding="UTF-8"?>
<!-- Generated by org.testng.reporters.JUnitXMLReporter -->
<testsuite hostname="DESKTOP-BFCU90B" name="Login tests" tests="3" failures="0" timestamp="26 Feb 2020 15:40:28 GMT" time="14.486" errors="0">
  <testcase name="invalidLoginTest" time="1.502" classname="tests.LogInTest"/>
  <testcase name="invalidPasswordTest" time="2.541" classname="tests.LogInTest"/>
  <testcase name="logInTest" time="6.552" classname="tests.LogInTest"/>
</testsuite> <!-- Login tests -->
