<?xml version="1.0" encoding="UTF-8"?>
<!-- Generated by org.testng.reporters.JUnitXMLReporter -->
<testsuite hostname="DESKTOP-BFCU90B" name="Mail tests" tests="4" failures="0" timestamp="28 Feb 2020 08:12:09 GMT" time="50.792" errors="0">
  <testcase name="sendLetterTest" time="6.814" classname="tests.MailTest"/>
  <testcase name="sendLetterWithoutSubject" time="12.216" classname="tests.MailTest"/>
  <testcase name="sendLetterWithoutRecipient" time="19.827" classname="tests.MailTest"/>
  <testcase name="saveDraftTest" time="11.933" classname="tests.MailTest"/>
</testsuite> <!-- Mail tests -->
