<?xml version="1.0" encoding="UTF-8"?>
<testng-results skipped="0" failed="0" total="7" passed="7">
  <reporter-output>
  </reporter-output>
  <suite name="Testing suite" duration-ms="68988" started-at="2020-02-28T08:10:59Z" finished-at="2020-02-28T08:12:08Z">
    <groups>
      <group name="Negative tests">
        <method signature="LogInTest.invalidLoginTest()[pri:0, instance:tests.LogInTest@60215eee]" name="invalidLoginTest" class="tests.LogInTest"/>
        <method signature="LogInTest.invalidPasswordTest()[pri:0, instance:tests.LogInTest@60215eee]" name="invalidPasswordTest" class="tests.LogInTest"/>
      </group> <!-- Negative tests -->
    </groups>
    <test name="Login tests" duration-ms="18013" started-at="2020-02-28T08:10:59Z" finished-at="2020-02-28T08:11:18Z">
      <class name="tests.LogInTest">
        <test-method status="PASS" signature="openLoginPage()[pri:0, instance:tests.LogInTest@60215eee]" name="openLoginPage" is-config="true" duration-ms="2151" started-at="2020-02-28T11:11:00Z" finished-at="2020-02-28T11:11:02Z">
          <reporter-output>
          </reporter-output>
        </test-method> <!-- openLoginPage -->
        <test-method status="PASS" signature="invalidLoginTest()[pri:0, instance:tests.LogInTest@60215eee]" name="invalidLoginTest" duration-ms="1564" started-at="2020-02-28T11:11:02Z" finished-at="2020-02-28T11:11:03Z">
          <reporter-output>
          </reporter-output>
        </test-method> <!-- invalidLoginTest -->
        <test-method status="PASS" signature="invalidPasswordTest()[pri:0, instance:tests.LogInTest@60215eee]" name="invalidPasswordTest" duration-ms="8487" started-at="2020-02-28T11:11:03Z" finished-at="2020-02-28T11:11:12Z">
          <reporter-output>
          </reporter-output>
        </test-method> <!-- invalidPasswordTest -->
        <test-method status="PASS" signature="logInTest()[pri:0, instance:tests.LogInTest@60215eee]" name="logInTest" duration-ms="5771" depends-on-groups="Negative tests" started-at="2020-02-28T11:11:12Z" finished-at="2020-02-28T11:11:18Z">
          <reporter-output>
          </reporter-output>
        </test-method> <!-- logInTest -->
      </class> <!-- tests.LogInTest -->
    </test> <!-- Login tests -->
    <test name="Mail tests" duration-ms="50792" started-at="2020-02-28T08:11:18Z" finished-at="2020-02-28T08:12:08Z">
      <class name="tests.MailTest">
        <test-method status="PASS" signature="sendLetterTest()[pri:1, instance:tests.MailTest@6956de9]" name="sendLetterTest" duration-ms="6814" started-at="2020-02-28T11:11:18Z" finished-at="2020-02-28T11:11:25Z">
          <reporter-output>
          </reporter-output>
        </test-method> <!-- sendLetterTest -->
        <test-method status="PASS" signature="sendLetterWithoutSubject()[pri:2, instance:tests.MailTest@6956de9]" name="sendLetterWithoutSubject" duration-ms="12216" started-at="2020-02-28T11:11:25Z" finished-at="2020-02-28T11:11:37Z">
          <reporter-output>
          </reporter-output>
        </test-method> <!-- sendLetterWithoutSubject -->
        <test-method status="PASS" signature="sendLetterWithoutRecipient()[pri:3, instance:tests.MailTest@6956de9]" name="sendLetterWithoutRecipient" duration-ms="19827" started-at="2020-02-28T11:11:37Z" finished-at="2020-02-28T11:11:57Z">
          <reporter-output>
          </reporter-output>
        </test-method> <!-- sendLetterWithoutRecipient -->
        <test-method status="PASS" signature="saveDraftTest()[pri:4, instance:tests.MailTest@6956de9]" name="saveDraftTest" duration-ms="11933" started-at="2020-02-28T11:11:57Z" finished-at="2020-02-28T11:12:08Z">
          <reporter-output>
          </reporter-output>
        </test-method> <!-- saveDraftTest -->
      </class> <!-- tests.MailTest -->
      <class name="tests.LogInTest">
        <test-method status="PASS" signature="openBrowser()[pri:0, instance:tests.LogInTest@60215eee]" name="openBrowser" is-config="true" duration-ms="10756" started-at="2020-02-28T11:10:49Z" finished-at="2020-02-28T11:10:59Z">
          <reporter-output>
          </reporter-output>
        </test-method> <!-- openBrowser -->
      </class> <!-- tests.LogInTest -->
    </test> <!-- Mail tests -->
  </suite> <!-- Testing suite -->
</testng-results>
