<?xml version="1.0" encoding="UTF-8"?>
<testng-results skipped="0" failed="1" total="4" passed="3">
  <reporter-output>
  </reporter-output>
  <suite name="Testing suite" duration-ms="18825" started-at="2020-02-26T15:40:13Z" finished-at="2020-02-26T15:40:32Z">
    <groups>
      <group name="Negative tests">
        <method signature="LogInTest.invalidLoginTest()[pri:0, instance:tests.LogInTest@60215eee]" name="invalidLoginTest" class="tests.LogInTest"/>
        <method signature="LogInTest.invalidPasswordTest()[pri:0, instance:tests.LogInTest@60215eee]" name="invalidPasswordTest" class="tests.LogInTest"/>
      </group> <!-- Negative tests -->
    </groups>
    <test name="Login tests" duration-ms="14486" started-at="2020-02-26T15:40:13Z" finished-at="2020-02-26T15:40:28Z">
      <class name="tests.LogInTest">
        <test-method status="PASS" signature="openLoginPage()[pri:0, instance:tests.LogInTest@60215eee]" name="openLoginPage" is-config="true" duration-ms="3863" started-at="2020-02-26T18:40:13Z" finished-at="2020-02-26T18:40:17Z">
          <reporter-output>
          </reporter-output>
        </test-method> <!-- openLoginPage -->
        <test-method status="PASS" signature="invalidLoginTest()[pri:0, instance:tests.LogInTest@60215eee]" name="invalidLoginTest" duration-ms="1502" started-at="2020-02-26T18:40:17Z" finished-at="2020-02-26T18:40:19Z">
          <reporter-output>
          </reporter-output>
        </test-method> <!-- invalidLoginTest -->
        <test-method status="PASS" signature="invalidPasswordTest()[pri:0, instance:tests.LogInTest@60215eee]" name="invalidPasswordTest" duration-ms="2541" started-at="2020-02-26T18:40:19Z" finished-at="2020-02-26T18:40:21Z">
          <reporter-output>
          </reporter-output>
        </test-method> <!-- invalidPasswordTest -->
        <test-method status="PASS" signature="logInTest()[pri:0, instance:tests.LogInTest@60215eee]" name="logInTest" duration-ms="6552" depends-on-groups="Negative tests" started-at="2020-02-26T18:40:21Z" finished-at="2020-02-26T18:40:28Z">
          <reporter-output>
          </reporter-output>
        </test-method> <!-- logInTest -->
      </class> <!-- tests.LogInTest -->
    </test> <!-- Login tests -->
    <test name="Mail tests" duration-ms="4226" started-at="2020-02-26T15:40:28Z" finished-at="2020-02-26T15:40:32Z">
      <class name="tests.MailTest">
        <test-method status="FAIL" signature="sendLetterTest()[pri:1, instance:tests.MailTest@6aceb1a5]" name="sendLetterTest" duration-ms="4226" started-at="2020-02-26T18:40:28Z" finished-at="2020-02-26T18:40:32Z">
          <exception class="org.openqa.selenium.StaleElementReferenceException">
            <message>
              <![CDATA[stale element reference: element is not attached to the page document
  (Session info: chrome=80.0.3987.122)
For documentation on this error, please visit: https://www.seleniumhq.org/exceptions/stale_element_reference.html
Build info: version: '3.141.59', revision: 'e82be7d358', time: '2018-11-14T08:17:03'
System info: host: 'DESKTOP-BFCU90B', ip: '192.168.100.233', os.name: 'Windows 10', os.arch: 'amd64', os.version: '10.0', java.version: '1.8.0_221'
Driver info: org.openqa.selenium.chrome.ChromeDriver
Capabilities {acceptInsecureCerts: false, browserName: chrome, browserVersion: 80.0.3987.122, chrome: {chromedriverVersion: 80.0.3987.16 (320f6526c1632..., userDataDir: C:\Users\ANDREW~1\AppData\L...}, goog:chromeOptions: {debuggerAddress: localhost:56869}, javascriptEnabled: true, networkConnectionEnabled: false, pageLoadStrategy: normal, platform: WINDOWS, platformName: WINDOWS, proxy: Proxy(), setWindowRect: true, strictFileInteractability: false, timeouts: {implicit: 0, pageLoad: 300000, script: 30000}, unhandledPromptBehavior: dismiss and notify}
Session ID: 35eeaff4f9eec65030c2c847f486e9ca]]>
            </message>
            <full-stacktrace>
              <![CDATA[org.openqa.selenium.StaleElementReferenceException: stale element reference: element is not attached to the page document
  (Session info: chrome=80.0.3987.122)
For documentation on this error, please visit: https://www.seleniumhq.org/exceptions/stale_element_reference.html
Build info: version: '3.141.59', revision: 'e82be7d358', time: '2018-11-14T08:17:03'
System info: host: 'DESKTOP-BFCU90B', ip: '192.168.100.233', os.name: 'Windows 10', os.arch: 'amd64', os.version: '10.0', java.version: '1.8.0_221'
Driver info: org.openqa.selenium.chrome.ChromeDriver
Capabilities {acceptInsecureCerts: false, browserName: chrome, browserVersion: 80.0.3987.122, chrome: {chromedriverVersion: 80.0.3987.16 (320f6526c1632..., userDataDir: C:\Users\ANDREW~1\AppData\L...}, goog:chromeOptions: {debuggerAddress: localhost:56869}, javascriptEnabled: true, networkConnectionEnabled: false, pageLoadStrategy: normal, platform: WINDOWS, platformName: WINDOWS, proxy: Proxy(), setWindowRect: true, strictFileInteractability: false, timeouts: {implicit: 0, pageLoad: 300000, script: 30000}, unhandledPromptBehavior: dismiss and notify}
Session ID: 35eeaff4f9eec65030c2c847f486e9ca
	at sun.reflect.NativeConstructorAccessorImpl.newInstance0(Native Method)
	at sun.reflect.NativeConstructorAccessorImpl.newInstance(NativeConstructorAccessorImpl.java:62)
	at sun.reflect.DelegatingConstructorAccessorImpl.newInstance(DelegatingConstructorAccessorImpl.java:45)
	at java.lang.reflect.Constructor.newInstance(Constructor.java:423)
	at org.openqa.selenium.remote.http.W3CHttpResponseCodec.createException(W3CHttpResponseCodec.java:187)
	at org.openqa.selenium.remote.http.W3CHttpResponseCodec.decode(W3CHttpResponseCodec.java:122)
	at org.openqa.selenium.remote.http.W3CHttpResponseCodec.decode(W3CHttpResponseCodec.java:49)
	at org.openqa.selenium.remote.HttpCommandExecutor.execute(HttpCommandExecutor.java:158)
	at org.openqa.selenium.remote.service.DriverCommandExecutor.execute(DriverCommandExecutor.java:83)
	at org.openqa.selenium.remote.RemoteWebDriver.execute(RemoteWebDriver.java:552)
	at org.openqa.selenium.remote.RemoteWebElement.execute(RemoteWebElement.java:285)
	at org.openqa.selenium.remote.RemoteWebElement.click(RemoteWebElement.java:84)
	at framework.Browser.fluentClickElement(Browser.java:47)
	at pages.MailPageYandex.clickSentButton(MailPageYandex.java:120)
	at services.MailServices.getSubjectOfLastSentLetter(MailServices.java:61)
	at tests.MailTest.sendLetterTest(MailTest.java:39)
	at sun.reflect.NativeMethodAccessorImpl.invoke0(Native Method)
	at sun.reflect.NativeMethodAccessorImpl.invoke(NativeMethodAccessorImpl.java:62)
	at sun.reflect.DelegatingMethodAccessorImpl.invoke(DelegatingMethodAccessorImpl.java:43)
	at java.lang.reflect.Method.invoke(Method.java:498)
	at org.testng.internal.MethodInvocationHelper.invokeMethod(MethodInvocationHelper.java:85)
	at org.testng.internal.Invoker.invokeMethod(Invoker.java:639)
	at org.testng.internal.Invoker.invokeTestMethod(Invoker.java:816)
	at org.testng.internal.Invoker.invokeTestMethods(Invoker.java:1124)
	at org.testng.internal.TestMethodWorker.invokeTestMethods(TestMethodWorker.java:125)
	at org.testng.internal.TestMethodWorker.run(TestMethodWorker.java:108)
	at org.testng.TestRunner.privateRun(TestRunner.java:774)
	at org.testng.TestRunner.run(TestRunner.java:624)
	at org.testng.SuiteRunner.runTest(SuiteRunner.java:359)
	at org.testng.SuiteRunner.access$000(SuiteRunner.java:39)
	at org.testng.SuiteRunner$SuiteWorker.run(SuiteRunner.java:393)
	at org.testng.internal.thread.ThreadUtil$2.call(ThreadUtil.java:64)
	at java.util.concurrent.FutureTask.run(FutureTask.java:266)
	at java.util.concurrent.ThreadPoolExecutor.runWorker(ThreadPoolExecutor.java:1149)
	at java.util.concurrent.ThreadPoolExecutor$Worker.run(ThreadPoolExecutor.java:624)
	at java.lang.Thread.run(Thread.java:748)
]]>
            </full-stacktrace>
          </exception> <!-- org.openqa.selenium.StaleElementReferenceException -->
          <reporter-output>
          </reporter-output>
        </test-method> <!-- sendLetterTest -->
      </class> <!-- tests.MailTest -->
      <class name="tests.LogInTest">
        <test-method status="PASS" signature="openBrowser()[pri:0, instance:tests.LogInTest@60215eee]" name="openBrowser" is-config="true" duration-ms="11462" started-at="2020-02-26T18:40:02Z" finished-at="2020-02-26T18:40:13Z">
          <reporter-output>
          </reporter-output>
        </test-method> <!-- openBrowser -->
      </class> <!-- tests.LogInTest -->
    </test> <!-- Mail tests -->
  </suite> <!-- Testing suite -->
</testng-results>
